<?xml version="1.0" encoding="UTF-8"?>
<!-- Generated by org.testng.reporters.JUnitReportReporter -->
<testsuite hostname="Nav" failures="0" tests="5" name="com.naveenautomation.Tests.MyAccountInformationTest" time="42.482" errors="0" timestamp="2023-01-12T21:32:59 EST" skipped="0">
  <testcase classname="com.naveenautomation.Tests.MyAccountInformationTest" name="verifyAccountInfoIsPreFilledOnTheEdiAccountInfoPageForAllUsers" time="7.482"/>
  <system-out/>
  <testcase classname="com.naveenautomation.Tests.MyAccountInformationTest" name="verifyAccountInfoIsPreFilledOnTheEdiAccountInfoPageForAllUsers" time="9.596"/>
  <system-out/>
  <testcase classname="com.naveenautomation.Tests.MyAccountInformationTest" name="verifyAccountInfoIsPreFilledOnTheEdiAccountInfoPageForAllUsers" time="7.690"/>
  <system-out/>
  <testcase classname="com.naveenautomation.Tests.MyAccountInformationTest" name="verifyAccountInfoIsPreFilledOnTheEdiAccountInfoPageForAllUsers" time="8.256"/>
  <system-out/>
  <testcase classname="com.naveenautomation.Tests.MyAccountInformationTest" name="verifyAccountInfoIsPreFilledOnTheEdiAccountInfoPageForAllUsers" time="9.458"/>
  <system-out/>
</testsuite> <!-- com.naveenautomation.Tests.MyAccountInformationTest -->
