<?xml version="1.0" encoding="UTF-8"?>
<!-- Generated by org.testng.reporters.JUnitReportReporter -->
<testsuite hostname="Nav" failures="0" tests="1" name="com.naveenautomation.Tests.AddressBookTest" time="0.005" errors="0" timestamp="07 Jan. 2023 19:39:30 GMT" skipped="0">
  <testcase classname="com.naveenautomation.Tests.AddressBookTest" name="test" time="0.005"/>
</testsuite> <!-- com.naveenautomation.Tests.AddressBookTest -->
