<?xml version="1.0" encoding="UTF-8"?>
<!-- Generated by org.testng.reporters.JUnitReportReporter -->
<testsuite hostname="Nav" failures="0" tests="3" name="com.naveenautomation.Tests.Test" time="0.004" errors="0" timestamp="05 Jan. 2023 00:04:34 GMT" skipped="0">
  <testcase classname="com.naveenautomation.Tests.Test" name="test2" time="0.001"/>
  <testcase classname="com.naveenautomation.Tests.Test" name="test1" time="0.002"/>
  <testcase classname="com.naveenautomation.Tests.Test" name="test3" time="0.001"/>
</testsuite> <!-- com.naveenautomation.Tests.Test -->
