<?xml version="1.0" encoding="UTF-8"?>
<!-- Generated by org.testng.reporters.JUnitReportReporter -->
<testsuite hostname="Nav" failures="0" tests="1" name="com.naveenautomation.Tests.AccountLoginTest" time="10.326" errors="0" timestamp="2023-01-18T14:29:24 EST" skipped="0">
  <testcase classname="com.naveenautomation.Tests.AccountLoginTest" name="verifyLogin" time="10.326"/>
  <system-out/>
</testsuite> <!-- com.naveenautomation.Tests.AccountLoginTest -->
