<?xml version="1.0" encoding="UTF-8"?>
<!-- Generated by org.testng.reporters.JUnitReportReporter -->
<testsuite hostname="Nav" failures="0" tests="10" name="com.naveenautomation.Tests.MyAccountInformationTest2" time="0.013" errors="0" timestamp="2023-01-12T17:21:59 EST" skipped="0">
  <testcase classname="com.naveenautomation.Tests.MyAccountInformationTest2" name="verifyAccountInfoIsPreFilledOnTheEdiAccountInfoPageForAllUsers" time="0.000"/>
  <system-out/>
  <testcase classname="com.naveenautomation.Tests.MyAccountInformationTest2" name="verifyAccountInfoIsPreFilledOnTheEdiAccountInfoPageForAllUsers2" time="0.000"/>
  <system-out/>
  <testcase classname="com.naveenautomation.Tests.MyAccountInformationTest2" name="verifyAccountInfoIsPreFilledOnTheEdiAccountInfoPageForAllUsers" time="0.000"/>
  <system-out/>
  <testcase classname="com.naveenautomation.Tests.MyAccountInformationTest2" name="verifyAccountInfoIsPreFilledOnTheEdiAccountInfoPageForAllUsers2" time="0.001"/>
  <system-out/>
  <testcase classname="com.naveenautomation.Tests.MyAccountInformationTest2" name="verifyAccountInfoIsPreFilledOnTheEdiAccountInfoPageForAllUsers2" time="0.000"/>
  <system-out/>
  <testcase classname="com.naveenautomation.Tests.MyAccountInformationTest2" name="verifyAccountInfoIsPreFilledOnTheEdiAccountInfoPageForAllUsers" time="0.010"/>
  <system-out/>
  <testcase classname="com.naveenautomation.Tests.MyAccountInformationTest2" name="verifyAccountInfoIsPreFilledOnTheEdiAccountInfoPageForAllUsers2" time="0.000"/>
  <system-out/>
  <testcase classname="com.naveenautomation.Tests.MyAccountInformationTest2" name="verifyAccountInfoIsPreFilledOnTheEdiAccountInfoPageForAllUsers" time="0.001"/>
  <system-out/>
  <testcase classname="com.naveenautomation.Tests.MyAccountInformationTest2" name="verifyAccountInfoIsPreFilledOnTheEdiAccountInfoPageForAllUsers" time="0.000"/>
  <system-out/>
  <testcase classname="com.naveenautomation.Tests.MyAccountInformationTest2" name="verifyAccountInfoIsPreFilledOnTheEdiAccountInfoPageForAllUsers2" time="0.001"/>
  <system-out/>
</testsuite> <!-- com.naveenautomation.Tests.MyAccountInformationTest2 -->
