<?xml version="1.0" encoding="UTF-8"?>
<!-- Generated by org.testng.reporters.JUnitReportReporter -->
<testsuite hostname="Nav" failures="0" tests="5" name="com.naveenautomation.Tests.MyAccountInformationTest" time="113.604" errors="0" timestamp="2023-01-18T14:29:24 EST" skipped="0">
  <testcase classname="com.naveenautomation.Tests.MyAccountInformationTest" name="verifyAccountInfoIsPreFilledOnTheEdiAccountInfoPageForAllUsers" time="22.751"/>
  <system-out/>
  <testcase classname="com.naveenautomation.Tests.MyAccountInformationTest" name="verifyAccountInfoIsPreFilledOnTheEdiAccountInfoPageForAllUsers" time="22.741"/>
  <system-out/>
  <testcase classname="com.naveenautomation.Tests.MyAccountInformationTest" name="verifyAccountInfoIsPreFilledOnTheEdiAccountInfoPageForAllUsers" time="22.033"/>
  <system-out/>
  <testcase classname="com.naveenautomation.Tests.MyAccountInformationTest" name="verifyAccountInfoIsPreFilledOnTheEdiAccountInfoPageForAllUsers" time="22.539"/>
  <system-out/>
  <testcase classname="com.naveenautomation.Tests.MyAccountInformationTest" name="verifyAccountInfoIsPreFilledOnTheEdiAccountInfoPageForAllUsers" time="23.540"/>
  <system-out/>
</testsuite> <!-- com.naveenautomation.Tests.MyAccountInformationTest -->
