<?xml version="1.0" encoding="UTF-8"?>
<!-- Generated by org.testng.reporters.JUnitReportReporter -->
<testsuite hostname="Nav" failures="0" tests="10" name="com.naveenautomation.Tests.PracticeTest" time="173.451" errors="0" timestamp="2023-01-18T14:29:24 EST" skipped="0">
  <testcase classname="com.naveenautomation.Tests.PracticeTest" name="verify10" time="16.948"/>
  <system-out/>
  <testcase classname="com.naveenautomation.Tests.PracticeTest" name="verify9" time="16.960"/>
  <system-out/>
  <testcase classname="com.naveenautomation.Tests.PracticeTest" name="verify2" time="16.980"/>
  <system-out/>
  <testcase classname="com.naveenautomation.Tests.PracticeTest" name="verify6" time="16.977"/>
  <system-out/>
  <testcase classname="com.naveenautomation.Tests.PracticeTest" name="verify1" time="20.234"/>
  <system-out/>
  <testcase classname="com.naveenautomation.Tests.PracticeTest" name="verify8" time="16.924"/>
  <system-out/>
  <testcase classname="com.naveenautomation.Tests.PracticeTest" name="verify7" time="16.959"/>
  <system-out/>
  <testcase classname="com.naveenautomation.Tests.PracticeTest" name="verify4" time="17.524"/>
  <system-out/>
  <testcase classname="com.naveenautomation.Tests.PracticeTest" name="verify3" time="16.976"/>
  <system-out/>
  <testcase classname="com.naveenautomation.Tests.PracticeTest" name="verify5" time="16.969"/>
  <system-out/>
</testsuite> <!-- com.naveenautomation.Tests.PracticeTest -->
