<?xml version="1.0" encoding="UTF-8"?>
<!-- Generated by org.testng.reporters.JUnitReportReporter -->
<testsuite hostname="Nav" failures="0" tests="1" name="com.naveenautomation.Tests.MyAccountTest" time="20.240" errors="0" timestamp="03 Jan. 2023 19:47:09 GMT" skipped="0">
  <testcase classname="com.naveenautomation.Tests.MyAccountTest" name="verifyUserIsAbleToModifyWishList" time="20.240"/>
</testsuite> <!-- com.naveenautomation.Tests.MyAccountTest -->
