<?xml version="1.0" encoding="UTF-8"?>
<!-- Generated by org.testng.reporters.JUnitReportReporter -->
<testsuite hostname="Nav" failures="0" tests="1" name="com.naveenautomation.Tests.AccountLogoutTest" time="28.066" errors="0" timestamp="2023-01-18T14:29:24 EST" skipped="0">
  <testcase classname="com.naveenautomation.Tests.AccountLogoutTest" name="verifyUserIsAbleToLogout" time="28.066"/>
  <system-out/>
</testsuite> <!-- com.naveenautomation.Tests.AccountLogoutTest -->
